<?xml version="1.0" encoding="UTF-8"?>
<!-- Generated by org.testng.reporters.JUnitReportReporter -->
<testsuite hostname="DESKTOP-76BMPRR" failures="0" tests="1" name="ok.ParameterTestNg" time="6.192" errors="0" timestamp="2022-07-07T12:43:56 IST" skipped="0">
  <testcase classname="ok.ParameterTestNg" name="TestChromee5" time="6.192"/>
  <system-out/>
</testsuite> <!-- ok.ParameterTestNg -->
