<?xml version="1.0" encoding="UTF-8"?>
<!-- Generated by org.testng.reporters.JUnitReportReporter -->
<testsuite hostname="DESKTOP-76BMPRR" failures="0" tests="1" name="ok.TestNgListerns" time="5.975" errors="0" timestamp="2022-07-06T16:01:37 IST" skipped="0">
  <testcase classname="ok.TestNgListerns" name="TestChrome" time="5.975"/>
  <system-out/>
</testsuite> <!-- ok.TestNgListerns -->
