<?xml version="1.0" encoding="UTF-8"?>
<!-- Generated by org.testng.reporters.JUnitReportReporter -->
<testsuite hostname="DESKTOP-76BMPRR" failures="0" tests="1" name="normalOperations.DateTimePicker" time="163.386" errors="0" timestamp="2022-07-07T18:55:03 IST" skipped="0">
  <testcase classname="normalOperations.DateTimePicker" name="dateTimePicker" time="163.386"/>
  <system-out/>
</testsuite> <!-- normalOperations.DateTimePicker -->
