<?xml version="1.0" encoding="UTF-8"?>
<!-- Generated by org.testng.reporters.JUnitReportReporter -->
<testsuite hostname="DESKTOP-76BMPRR" failures="0" tests="2" name="ok.TestNGG" time="0.013" errors="0" timestamp="2022-07-05T03:31:33 IST" skipped="0">
  <testcase classname="ok.TestNGG" name="Check" time="0.009"/>
  <system-out/>
  <testcase classname="ok.TestNGG" name="testconfition" time="0.004"/>
  <system-out/>
</testsuite> <!-- ok.TestNGG -->
